<?xml version="1.0" encoding="UTF-8"?>
<coverage generated="1403849260">
  <project timestamp="1403849260">
    <package name="WPBase\Controller">
      <file name="/Users/juizmill/Documents/www/WPBase/src/WPBase/Controller/AbstractWPController.php">
        <class name="AbstractWPController" namespace="WPBase\Controller" fullPackage="Application" package="Application">
          <metrics methods="5" coveredmethods="0" conditionals="0" coveredconditionals="0" statements="48" coveredstatements="0" elements="53" coveredelements="0"/>
        </class>
        <line num="32" type="method" name="indexAction" crap="20" count="0"/>
        <line num="37" type="stmt" count="0"/>
        <line num="38" type="stmt" count="0"/>
        <line num="40" type="stmt" count="0"/>
        <line num="41" type="stmt" count="0"/>
        <line num="42" type="stmt" count="0"/>
        <line num="43" type="stmt" count="0"/>
        <line num="45" type="stmt" count="0"/>
        <line num="47" type="stmt" count="0"/>
        <line num="48" type="stmt" count="0"/>
        <line num="51" type="stmt" count="0"/>
        <line num="52" type="stmt" count="0"/>
        <line num="53" type="stmt" count="0"/>
        <line num="55" type="stmt" count="0"/>
        <line num="62" type="method" name="novoAction" crap="20" count="0"/>
        <line num="67" type="stmt" count="0"/>
        <line num="69" type="stmt" count="0"/>
        <line num="71" type="stmt" count="0"/>
        <line num="73" type="stmt" count="0"/>
        <line num="74" type="stmt" count="0"/>
        <line num="75" type="stmt" count="0"/>
        <line num="76" type="stmt" count="0"/>
        <line num="77" type="stmt" count="0"/>
        <line num="78" type="stmt" count="0"/>
        <line num="79" type="stmt" count="0"/>
        <line num="80" type="stmt" count="0"/>
        <line num="87" type="method" name="editarAction" crap="30" count="0"/>
        <line num="89" type="stmt" count="0"/>
        <line num="91" type="stmt" count="0"/>
        <line num="96" type="stmt" count="0"/>
        <line num="97" type="stmt" count="0"/>
        <line num="99" type="stmt" count="0"/>
        <line num="101" type="stmt" count="0"/>
        <line num="103" type="stmt" count="0"/>
        <line num="104" type="stmt" count="0"/>
        <line num="105" type="stmt" count="0"/>
        <line num="106" type="stmt" count="0"/>
        <line num="107" type="stmt" count="0"/>
        <line num="108" type="stmt" count="0"/>
        <line num="109" type="stmt" count="0"/>
        <line num="111" type="stmt" count="0"/>
        <line num="113" type="stmt" count="0"/>
        <line num="114" type="stmt" count="0"/>
        <line num="121" type="method" name="deleteAction" crap="20" count="0"/>
        <line num="123" type="stmt" count="0"/>
        <line num="125" type="stmt" count="0"/>
        <line num="126" type="stmt" count="0"/>
        <line num="127" type="stmt" count="0"/>
        <line num="130" type="stmt" count="0"/>
        <line num="131" type="stmt" count="0"/>
        <line num="133" type="stmt" count="0"/>
        <line num="138" type="method" name="getWPService" crap="2" count="0"/>
        <line num="140" type="stmt" count="0"/>
        <metrics loc="142" ncloc="103" classes="1" methods="5" coveredmethods="0" conditionals="0" coveredconditionals="0" statements="48" coveredstatements="0" elements="53" coveredelements="0"/>
      </file>
    </package>
    <package name="WPBase\Entity">
      <file name="/Users/juizmill/Documents/www/WPBase/src/WPBase/Entity/AbstractWPEntity.php">
        <class name="AbstractWPEntity" namespace="WPBase\Entity" fullPackage="WPBase" package="WPBase">
          <metrics methods="2" coveredmethods="2" conditionals="0" coveredconditionals="0" statements="3" coveredstatements="3" elements="5" coveredelements="5"/>
        </class>
        <line num="18" type="method" name="__construct" crap="1" count="10"/>
        <line num="20" type="stmt" count="10"/>
        <line num="22" type="stmt" count="10"/>
        <line num="27" type="method" name="toArray" crap="1" count="1"/>
        <line num="29" type="stmt" count="1"/>
        <metrics loc="31" ncloc="20" classes="1" methods="2" coveredmethods="2" conditionals="0" coveredconditionals="0" statements="3" coveredstatements="3" elements="5" coveredelements="5"/>
      </file>
    </package>
    <package name="WPBase\Form">
      <file name="/Users/juizmill/Documents/www/WPBase/src/WPBase/Form/AbstractWPFormHandle.php">
        <class name="AbstractWPFormHandle" namespace="WPBase\Form" fullPackage="WPBase" package="WPBase">
          <metrics methods="6" coveredmethods="6" conditionals="0" coveredconditionals="0" statements="14" coveredstatements="14" elements="20" coveredelements="20"/>
        </class>
        <line num="26" type="method" name="__construct" crap="1" count="3"/>
        <line num="28" type="stmt" count="3"/>
        <line num="29" type="stmt" count="3"/>
        <line num="30" type="stmt" count="3"/>
        <line num="31" type="stmt" count="3"/>
        <line num="39" type="method" name="handle" crap="2" count="1"/>
        <line num="41" type="stmt" count="1"/>
        <line num="43" type="stmt" count="1"/>
        <line num="44" type="stmt" count="1"/>
        <line num="47" type="stmt" count="1"/>
        <line num="55" type="method" name="setService" crap="1" count="3"/>
        <line num="57" type="stmt" count="3"/>
        <line num="58" type="stmt" count="3"/>
        <line num="64" type="method" name="getService" crap="1" count="2"/>
        <line num="66" type="stmt" count="2"/>
        <line num="74" type="method" name="setForm" crap="1" count="3"/>
        <line num="76" type="stmt" count="3"/>
        <line num="78" type="stmt" count="3"/>
        <line num="84" type="method" name="getForm" crap="1" count="2"/>
        <line num="86" type="stmt" count="2"/>
        <metrics loc="88" ncloc="56" classes="1" methods="6" coveredmethods="6" conditionals="0" coveredconditionals="0" statements="14" coveredstatements="14" elements="20" coveredelements="20"/>
      </file>
    </package>
    <package name="WPBase\Mail">
      <file name="/Users/juizmill/Documents/www/WPBase/src/WPBase/Mail/WPMail.php">
        <class name="WPMail" namespace="WPBase\Mail" fullPackage="WPBase" package="WPBase">
          <metrics methods="10" coveredmethods="10" conditionals="0" coveredconditionals="0" statements="28" coveredstatements="28" elements="38" coveredelements="38"/>
        </class>
        <line num="28" type="method" name="__construct" crap="1" count="3"/>
        <line num="30" type="stmt" count="3"/>
        <line num="31" type="stmt" count="3"/>
        <line num="32" type="stmt" count="3"/>
        <line num="40" type="method" name="setData" crap="1" count="2"/>
        <line num="42" type="stmt" count="2"/>
        <line num="43" type="stmt" count="2"/>
        <line num="51" type="method" name="getData" crap="1" count="2"/>
        <line num="53" type="stmt" count="2"/>
        <line num="61" type="method" name="getSmtpOptions" crap="1" count="1"/>
        <line num="63" type="stmt" count="1"/>
        <line num="64" type="stmt" count="1"/>
        <line num="72" type="method" name="smtpTransport" crap="1" count="1"/>
        <line num="74" type="stmt" count="1"/>
        <line num="75" type="stmt" count="1"/>
        <line num="76" type="stmt" count="1"/>
        <line num="84" type="method" name="renderView" crap="1" count="1"/>
        <line num="86" type="stmt" count="1"/>
        <line num="87" type="stmt" count="1"/>
        <line num="88" type="stmt" count="1"/>
        <line num="89" type="stmt" count="1"/>
        <line num="91" type="stmt" count="1"/>
        <line num="99" type="method" name="prepare" crap="1" count="1"/>
        <line num="101" type="stmt" count="1"/>
        <line num="102" type="stmt" count="1"/>
        <line num="104" type="stmt" count="1"/>
        <line num="105" type="stmt" count="1"/>
        <line num="106" type="stmt" count="1"/>
        <line num="108" type="stmt" count="1"/>
        <line num="110" type="stmt" count="1"/>
        <line num="112" type="stmt" count="1"/>
        <line num="118" type="method" name="send" crap="1" count="1"/>
        <line num="120" type="stmt" count="1"/>
        <line num="128" type="method" name="setServiceManager" crap="1" count="3"/>
        <line num="130" type="stmt" count="3"/>
        <line num="131" type="stmt" count="3"/>
        <line num="138" type="method" name="getServiceManager" crap="1" count="2"/>
        <line num="140" type="stmt" count="2"/>
        <metrics loc="141" ncloc="88" classes="1" methods="10" coveredmethods="10" conditionals="0" coveredconditionals="0" statements="28" coveredstatements="28" elements="38" coveredelements="38"/>
      </file>
    </package>
    <package name="WPBase\Service">
      <file name="/Users/juizmill/Documents/www/WPBase/src/WPBase/Service/AbstractWPService.php">
        <class name="AbstractWPService" namespace="WPBase\Service" fullPackage="WPBase" package="WPBase">
          <metrics methods="8" coveredmethods="8" conditionals="0" coveredconditionals="0" statements="25" coveredstatements="25" elements="33" coveredelements="33"/>
        </class>
        <line num="20" type="method" name="__construct" crap="1" count="9"/>
        <line num="22" type="stmt" count="9"/>
        <line num="24" type="stmt" count="9"/>
        <line num="32" type="method" name="setEntity" crap="2" count="7"/>
        <line num="34" type="stmt" count="7"/>
        <line num="35" type="stmt" count="7"/>
        <line num="37" type="stmt" count="7"/>
        <line num="39" type="stmt" count="7"/>
        <line num="45" type="method" name="getEntity" crap="1" count="5"/>
        <line num="47" type="stmt" count="5"/>
        <line num="56" type="method" name="save" crap="3" count="2"/>
        <line num="58" type="stmt" count="2"/>
        <line num="60" type="stmt" count="2"/>
        <line num="61" type="stmt" count="1"/>
        <line num="62" type="stmt" count="1"/>
        <line num="63" type="stmt" count="1"/>
        <line num="64" type="stmt" count="1"/>
        <line num="65" type="stmt" count="1"/>
        <line num="67" type="stmt" count="2"/>
        <line num="69" type="stmt" count="2"/>
        <line num="78" type="method" name="remove" crap="2" count="2"/>
        <line num="80" type="stmt" count="2"/>
        <line num="81" type="stmt" count="2"/>
        <line num="83" type="stmt" count="1"/>
        <line num="85" type="stmt" count="1"/>
        <line num="86" type="stmt" count="1"/>
        <line num="88" type="stmt" count="1"/>
        <line num="94" type="method" name="getRepositoty" crap="1" count="2"/>
        <line num="96" type="stmt" count="2"/>
        <line num="104" type="method" name="find" crap="1" count="1"/>
        <line num="106" type="stmt" count="1"/>
        <line num="112" type="method" name="findAll" crap="1" count="1"/>
        <line num="114" type="stmt" count="1"/>
        <metrics loc="116" ncloc="76" classes="1" methods="8" coveredmethods="8" conditionals="0" coveredconditionals="0" statements="25" coveredstatements="25" elements="33" coveredelements="33"/>
      </file>
    </package>
    <metrics files="5" loc="518" ncloc="343" classes="5" methods="31" coveredmethods="26" conditionals="0" coveredconditionals="0" statements="118" coveredstatements="70" elements="149" coveredelements="96"/>
  </project>
</coverage>
